2022-03-17T22:36:41.290Z	ruuvi/F3:BD:8D:7C:D7:7A/status	{"entry_count":33,"humidity":24.5,"temperature":21.74,"pressure":103712.24,"battery":2784}	
2022-03-17T22:37:18.657Z	ruuvi/C2:2F:DA:0E:D1:60/status	{"entry_count":79,"humidity":90.2,"temperature":-5.61,"pressure":103674.23,"battery":2469}	
2022-03-17T22:37:25.665Z	ruuvi/C4:28:50:6E:A1:23/status	{"entry_count":27,"humidity":19.7,"temperature":25.4,"pressure":103745.26,"battery":2838}	
2022-03-17T22:37:45.493Z	ruuvi/E8:C7:45:4D:10:FA/status	{"entry_count":57,"humidity":23.4,"temperature":25.35,"pressure":103695.05,"battery":2883}	
2022-03-17T22:37:58.675Z	ruuvi/C8:D9:E5:5C:7C:5B/status	{"entry_count":65,"humidity":23.9,"temperature":22.82,"pressure":103681.32,"battery":2598}	
2022-03-17T22:38:15.104Z	ruuvi/FA:E9:E5:EB:A0:7B/status	{"entry_count":78,"humidity":22,"temperature":25.09,"pressure":103734.21,"battery":2963}	
2022-03-17T22:38:27.689Z	ruuvi/F3:D6:1E:54:FA:B6/status	{"entry_count":34,"humidity":24.3,"temperature":22.71,"pressure":103692.91,"battery":2474}	
2022-03-17T22:39:11.621Z	ruuvi/F3:BD:8D:7C:D7:7A/status	{"entry_count":60,"humidity":24.5,"temperature":21.74,"pressure":103713.22,"battery":2750}	
2022-03-17T22:39:50.292Z	ruuvi/C2:2F:DA:0E:D1:60/status	{"entry_count":73,"humidity":90.3,"temperature":-5.65,"pressure":103675.37,"battery":2470}	
2022-03-17T22:39:59.861Z	ruuvi/C4:28:50:6E:A1:23/status	{"entry_count":24,"humidity":19.7,"temperature":25.4,"pressure":103745.88,"battery":2835}	
2022-03-17T22:40:15.831Z	ruuvi/E8:C7:45:4D:10:FA/status	{"entry_count":34,"humidity":23.4,"temperature":25.35,"pressure":103696.65,"battery":2888}	
2022-03-17T22:40:39.298Z	ruuvi/C8:D9:E5:5C:7C:5B/status	{"entry_count":50,"humidity":23.9,"temperature":22.81,"pressure":103681.68,"battery":2647}	
2022-03-17T22:40:45.424Z	ruuvi/FA:E9:E5:EB:A0:7B/status	{"entry_count":86,"humidity":22,"temperature":25.08,"pressure":103735.35,"battery":2963}	
2022-03-17T22:40:45.460Z	cmnd/badrumsgolv/TempMeasuredSet	25.08	
2022-03-17T22:41:04.452Z	ruuvi/F3:D6:1E:54:FA:B6/status	{"entry_count":8,"humidity":24.3,"temperature":22.69,"pressure":103693.38,"battery":2481}	
2022-03-17T22:41:43.249Z	ruuvi/F3:BD:8D:7C:D7:7A/status	{"entry_count":37,"humidity":24.5,"temperature":21.73,"pressure":103713.84,"battery":2765}	
2022-03-17T22:42:20.638Z	ruuvi/C2:2F:DA:0E:D1:60/status	{"entry_count":66,"humidity":90.3,"temperature":-5.65,"pressure":103676.73,"battery":2469}	
2022-03-17T22:42:31.488Z	ruuvi/C4:28:50:6E:A1:23/status	{"entry_count":23,"humidity":19.7,"temperature":25.4,"pressure":103748.57,"battery":2847}	
2022-03-17T22:42:46.187Z	ruuvi/E8:C7:45:4D:10:FA/status	{"entry_count":45,"humidity":23.4,"temperature":25.34,"pressure":103697.18,"battery":2882}	
2022-03-17T22:43:15.756Z	ruuvi/FA:E9:E5:EB:A0:7B/status	{"entry_count":80,"humidity":22,"temperature":25.08,"pressure":103737.36,"battery":2963}	
2022-03-17T22:43:16.073Z	ruuvi/C8:D9:E5:5C:7C:5B/status	{"entry_count":48,"humidity":23.9,"temperature":22.8,"pressure":103682.48,"battery":2611}	
2022-03-17T22:43:36.076Z	ruuvi/F3:D6:1E:54:FA:B6/status	{"entry_count":7,"humidity":24.3,"temperature":22.68,"pressure":103694.43,"battery":2482}	
2022-03-17T22:44:14.880Z	ruuvi/F3:BD:8D:7C:D7:7A/status	{"entry_count":46,"humidity":24.5,"temperature":21.72,"pressure":103714.41,"battery":2770}	
2022-03-17T22:44:53.543Z	ruuvi/C2:2F:DA:0E:D1:60/status	{"entry_count":76,"humidity":90.3,"temperature":-5.67,"pressure":103676.42,"battery":2454}	
2022-03-17T22:45:34.507Z	ruuvi/E8:C7:45:4D:10:FA/status	{"entry_count":30,"humidity":23.4,"temperature":25.34,"pressure":103696.27,"battery":2891}	
2022-03-17T22:45:42.946Z	ruuvi/C4:28:50:6E:A1:23/status	{"entry_count":22,"humidity":19.7,"temperature":25.4,"pressure":103748.23,"battery":2835}	
2022-03-17T22:45:46.418Z	ruuvi/C8:D9:E5:5C:7C:5B/status	{"entry_count":43,"humidity":23.9,"temperature":22.79,"pressure":103682.65,"battery":2580}	
2022-03-17T22:45:47.336Z	ruuvi/FA:E9:E5:EB:A0:7B/status	{"entry_count":90,"humidity":22,"temperature":25.08,"pressure":103736.29,"battery":2961}	
2022-03-17T22:46:16.702Z	ruuvi/F3:D6:1E:54:FA:B6/status	{"entry_count":6,"humidity":24.3,"temperature":22.66,"pressure":103692.83,"battery":2484}	
2022-03-17T22:46:46.502Z	ruuvi/F3:BD:8D:7C:D7:7A/status	{"entry_count":25,"humidity":24.5,"temperature":21.72,"pressure":103711.32,"battery":2760}	
2022-03-17T22:47:23.892Z	ruuvi/C2:2F:DA:0E:D1:60/status	{"entry_count":49,"humidity":90.6,"temperature":-5.7,"pressure":103675.76,"battery":2457}	
2022-03-17T22:48:04.842Z	ruuvi/E8:C7:45:4D:10:FA/status	{"entry_count":56,"humidity":23.4,"temperature":25.34,"pressure":103694.73,"battery":2897}	
2022-03-17T22:48:14.580Z	ruuvi/C4:28:50:6E:A1:23/status	{"entry_count":28,"humidity":19.7,"temperature":25.4,"pressure":103746.61,"battery":2831}	
2022-03-17T22:48:17.600Z	ruuvi/FA:E9:E5:EB:A0:7B/status	{"entry_count":88,"humidity":21.9,"temperature":25.07,"pressure":103735.83,"battery":2961}	
2022-03-17T22:48:17.632Z	cmnd/badrumsgolv/TempMeasuredSet	25.07	
2022-03-17T22:48:19.329Z	ruuvi/C8:D9:E5:5C:7C:5B/status	{"entry_count":55,"humidity":23.9,"temperature":22.78,"pressure":103682.18,"battery":2647}	
2022-03-17T22:48:47.047Z	ruuvi/F3:D6:1E:54:FA:B6/status	{"entry_count":10,"humidity":24.3,"temperature":22.64,"pressure":103691.9,"battery":2482}	
2022-03-17T22:49:21.985Z	ruuvi/F3:BD:8D:7C:D7:7A/status	{"entry_count":42,"humidity":24.4,"temperature":21.71,"pressure":103712.93,"battery":2767}	
